<?xml version="1.0" encoding="UTF-8"?>
<testsuite name="uk.ac.gla.cvr.gluetools.core.collation.genbank.ncbi.TestNcbiGenbank" tests="1" skipped="0" failures="0" errors="0" timestamp="2015-06-02T16:13:24" hostname="225pc177.cvr.gla.ac.uk" time="0.034">
  <properties/>
  <testcase name="testNcbiSourcerCreate" classname="uk.ac.gla.cvr.gluetools.core.collation.genbank.ncbi.TestNcbiGenbank" time="0.034"/>
  <system-out><![CDATA[]]></system-out>
  <system-err><![CDATA[]]></system-err>
</testsuite>
